Model Technology ModelSim SE-64 vlog 10.2c Compiler 2013.07 Jul 19 2013
C:\Tools\modeltech64_10.2c\win64\vlog.exe -reportprogress 300 -f flist 
-- Skipping module clk_gen
-- Skipping module rst_gen
-- Skipping module ad_7226
-- Skipping module rs232
-- Skipping module tb
-- Compiling module top
-- Compiling module fx_bus
-- Skipping module clk_rst_top
-- Skipping module pluse_us_gen
-- Skipping module ad_top
-- Skipping module sclk_gen
-- Skipping module csn_gen
-- Skipping module ad_s2p
-- Skipping module commu_top
-- Skipping module fx_master
-- Skipping module phy_urx
-- Skipping module phy_utx
-- Skipping module urx_filter
-- Skipping module control_top

Top level modules:
	tb
